<?xml version="1.0" encoding="UTF-8"?>
<testsuite name="ForumTest" tests="1" skipped="0" failures="0" errors="0" timestamp="2018-06-17T14:12:12" hostname="m-c02rr2hjg8wm" time="86.135">
  <properties/>
  <testcase name="loginWithInvalidCredentials" classname="ForumTest" time="86.135"/>
  <system-out><![CDATA[]]></system-out>
  <system-err><![CDATA[Jun 17, 2018 7:13:32 AM org.openqa.selenium.remote.ProtocolHandshake createSession
INFO: Detected dialect: OSS
]]></system-err>
</testsuite>
